<?xml version="1.0" encoding="UTF-8"?>
<!-- Generated by org.testng.reporters.JUnitReportReporter -->
<testsuite hostname="L-INE-F4V0Y93" failures="0" tests="3" name="TestNGDemo.NewTest1" time="9.698" errors="0" timestamp="2023-10-26T11:02:58 IST" skipped="0">
  <testcase classname="TestNGDemo.NewTest1" name="f" time="4.966"/>
  <testcase classname="TestNGDemo.NewTest1" name="f2" time="1.570"/>
  <testcase classname="TestNGDemo.NewTest1" name="f3" time="3.162"/>
</testsuite> <!-- TestNGDemo.NewTest1 -->
