<?xml version="1.0" encoding="UTF-8"?>
<!-- Generated by org.testng.reporters.JUnitReportReporter -->
<testsuite hostname="L-INE-F4V0Y93" failures="0" tests="3" name="TestNGDemo.NewTest1" time="15.489" errors="0" timestamp="2023-11-30T09:45:02 IST" skipped="0">
  <testcase classname="TestNGDemo.NewTest1" name="f" time="8.665"/>
  <testcase classname="TestNGDemo.NewTest1" name="f2" time="3.493"/>
  <testcase classname="TestNGDemo.NewTest1" name="f3" time="3.331"/>
</testsuite> <!-- TestNGDemo.NewTest1 -->
